<?xml version="1.0" encoding="UTF-8"?>
<testsuite xmlns:xsi="http://www.w3.org/2001/XMLSchema-instance" xsi:noNamespaceSchemaLocation="https://maven.apache.org/surefire/maven-surefire-plugin/xsd/surefire-test-report.xsd" version="3.0.2" name="com.project.rate_my_college.RateMyCollegeApplicationTests" time="4.642" tests="1" errors="0" skipped="0" failures="0">
  <properties>
[...]
</properties>
  <testcase name="contextLoads" classname="com.project.rate_my_college.RateMyCollegeApplicationTests" time="0.557">
    <system-out><![CDATA[21:57:19.741 [main] INFO org.springframework.test.context.support.AnnotationConfigContextLoaderUtils -- Could not detect default configuration classes for test class [com.project.rate_my_college.RateMyCollegeApplicationTests]: RateMyCollegeApplicationTests does not declare any static, non-private, non-final, nested classes annotated with @Configuration.
21:57:19.814 [main] INFO org.springframework.boot.test.context.SpringBootTestContextBootstrapper -- Found @SpringBootConfiguration com.project.rate_my_college.RateMyCollegeApplication for test class com.project.rate_my_college.RateMyCollegeApplicationTests
21:57:19.913 [main] INFO org.springframework.boot.devtools.restart.RestartApplicationListener -- Restart disabled due to context in which it is running

  .   ____          _            __ _ _
 /\\ / ___'_ __ _ _(_)_ __  __ _ \ \ \ \
( ( )\___ | '_ | '_| | '_ \/ _` | \ \ \ \
 \\/  ___)| |_)| | | | | || (_| |  ) ) ) )
  '  |____| .__|_| |_|_| |_\__, | / / / /
 =========|_|==============|___/=/_/_/_/

 :: Spring Boot ::                (v3.4.1)

2025-01-21T21:57:20.071+05:30  INFO 82793 --- [rate-my-college] [           main] c.p.r.RateMyCollegeApplicationTests      : Starting RateMyCollegeApplicationTests using Java 17.0.13 with PID 82793 (started by nishantupmanyu in /Users/nishantupmanyu/Desktop/Desktop/RateMyCollegeBackend/rate-my-college)
2025-01-21T21:57:20.072+05:30  INFO 82793 --- [rate-my-college] [           main] c.p.r.RateMyCollegeApplicationTests      : No active profile set, falling back to 1 default profile: "default"
2025-01-21T21:57:20.544+05:30  INFO 82793 --- [rate-my-college] [           main] .s.d.r.c.RepositoryConfigurationDelegate : Bootstrapping Spring Data MongoDB repositories in DEFAULT mode.
2025-01-21T21:57:20.577+05:30  INFO 82793 --- [rate-my-college] [           main] .s.d.r.c.RepositoryConfigurationDelegate : Finished Spring Data repository scanning in 29 ms. Found 3 MongoDB repository interfaces.
2025-01-21T21:57:22.190+05:30  INFO 82793 --- [rate-my-college] [           main] org.mongodb.driver.client                : MongoClient with metadata {"driver": {"name": "mongo-java-driver|sync|spring-boot", "version": "5.2.1"}, "os": {"type": "Darwin", "name": "Mac OS X", "architecture": "aarch64", "version": "15.2"}, "platform": "Java/Homebrew/17.0.13+0"} created with settings MongoClientSettings{readPreference=primary, writeConcern=WriteConcern{w=majority, wTimeout=null ms, journal=null}, retryWrites=true, retryReads=true, readConcern=ReadConcern{level=null}, credential=MongoCredential{mechanism=null, userName='nishantupmanyu24', source='admin', password=<hidden>, mechanismProperties=<hidden>}, transportSettings=null, commandListeners=[], codecRegistry=ProvidersCodecRegistry{codecProviders=[ValueCodecProvider{}, BsonValueCodecProvider{}, DBRefCodecProvider{}, DBObjectCodecProvider{}, DocumentCodecProvider{}, CollectionCodecProvider{}, IterableCodecProvider{}, MapCodecProvider{}, GeoJsonCodecProvider{}, GridFSFileCodecProvider{}, Jsr310CodecProvider{}, JsonObjectCodecProvider{}, BsonCodecProvider{}, EnumCodecProvider{}, com.mongodb.client.model.mql.ExpressionCodecProvider@51e3d37e, com.mongodb.Jep395RecordCodecProvider@3a479fda, com.mongodb.KotlinCodecProvider@8a6631b]}, loggerSettings=LoggerSettings{maxDocumentLength=1000}, clusterSettings={hosts=[127.0.0.1:27017], srvHost=cluster0.wvt73.mongodb.net, srvServiceName=mongodb, mode=MULTIPLE, requiredClusterType=REPLICA_SET, requiredReplicaSetName='atlas-zcuszh-shard-0', serverSelector='null', clusterListeners='[]', serverSelectionTimeout='30000 ms', localThreshold='15 ms'}, socketSettings=SocketSettings{connectTimeoutMS=10000, readTimeoutMS=0, receiveBufferSize=0, proxySettings=ProxySettings{host=null, port=null, username=null, password=null}}, heartbeatSocketSettings=SocketSettings{connectTimeoutMS=10000, readTimeoutMS=10000, receiveBufferSize=0, proxySettings=ProxySettings{host=null, port=null, username=null, password=null}}, connectionPoolSettings=ConnectionPoolSettings{maxSize=100, minSize=0, maxWaitTimeMS=120000, maxConnectionLifeTimeMS=0, maxConnectionIdleTimeMS=0, maintenanceInitialDelayMS=0, maintenanceFrequencyMS=60000, connectionPoolListeners=[], maxConnecting=2}, serverSettings=ServerSettings{heartbeatFrequencyMS=10000, minHeartbeatFrequencyMS=500, serverMonitoringMode=AUTO, serverListeners='[]', serverMonitorListeners='[]'}, sslSettings=SslSettings{enabled=true, invalidHostNameAllowed=false, context=null}, applicationName='null', compressorList=[], uuidRepresentation=JAVA_LEGACY, serverApi=null, autoEncryptionSettings=null, dnsClient=null, inetAddressResolver=null, contextProvider=null, timeoutMS=null}
Generated Key: AqtdNZF0sBJVOHOQBJVB2A6dGI1Fqox4WkBRpdcGEK0=
2025-01-21T21:57:23.691+05:30  INFO 82793 --- [rate-my-college] [           main] c.p.r.RateMyCollegeApplicationTests      : Started RateMyCollegeApplicationTests in 3.785 seconds (process running for 4.49)
2025-01-21T21:57:24.074+05:30  INFO 82793 --- [rate-my-college] [t73.mongodb.net] org.mongodb.driver.cluster               : Adding discovered server cluster0-shard-00-00.wvt73.mongodb.net:27017 to client view of cluster
2025-01-21T21:57:24.093+05:30  INFO 82793 --- [rate-my-college] [t73.mongodb.net] org.mongodb.driver.cluster               : Adding discovered server cluster0-shard-00-01.wvt73.mongodb.net:27017 to client view of cluster
2025-01-21T21:57:24.096+05:30  INFO 82793 --- [rate-my-college] [t73.mongodb.net] org.mongodb.driver.cluster               : Adding discovered server cluster0-shard-00-02.wvt73.mongodb.net:27017 to client view of cluster
]]></system-out>
  </testcase>
</testsuite>